Environment variables:
  - =::=::\
  - =C:=C:\Users\sivakumar.k
  - =D:=D:\learning\testcoverage
  - =F:=F:\
  - ALLUSERSPROFILE=C:\ProgramData
  - APPDATA=C:\Users\sivakumar.k\AppData\Roaming
  - COMPUTERNAME=200411LTP0307
  - ComSpec=C:\WINDOWS\system32\cmd.exe
  - CommonProgramFiles=C:\Program Files\Common Files
  - CommonProgramFiles(x86)=C:\Program Files (x86)\Common Files
  - CommonProgramW6432=C:\Program Files\Common Files
  - DriverData=C:\Windows\System32\Drivers\DriverData
  - ERROR_CODE=0
  - FPS_BROWSER_APP_PROFILE_STRING=Internet Explorer
  - FPS_BROWSER_USER_PROFILE_STRING=Default
  - FP_NO_HOST_CHECK=NO
  - HADOOP_CONF_DIR=C:\opt\spark\spark-2.3.1-bin-hadoop2.7\conf
  - HADOOP_HOME=C:\opt\spark\spark-2.3.1-bin-hadoop2.7
  - HOMEDRIVE=C:
  - HOMEPATH=\Users\sivakumar.k
  - JAVA_EXEC="D:\programs\sonar-scanner-3.2.0.1227-windows\bin\..\jre\bin\java.exe"
  - JAVA_HOME=D:\programs\sonar-scanner-3.2.0.1227-windows\bin\..\jre
  - LOCALAPPDATA=C:\Users\sivakumar.k\AppData\Local
  - LOGONSERVER=\\GAVSADDSSVR01
  - NUMBER_OF_PROCESSORS=4
  - OS=Windows_NT
  - OneDrive=D:\OneDrive - GAVS Technologies Private Limited,
  - PATHEXT=.COM;.EXE;.BAT;.CMD;.VBS;.VBE;.JS;.JSE;.WSF;.WSH;.MSC
  - PROCESSOR_ARCHITECTURE=AMD64
  - PROCESSOR_IDENTIFIER=Intel64 Family 6 Model 61 Stepping 4, GenuineIntel
  - PROCESSOR_LEVEL=6
  - PROCESSOR_REVISION=3d04
  - PROJECT_HOME=D:\learning\testcoverage
  - PROMPT=$P$G
  - PSModulePath=C:\WINDOWS\system32\WindowsPowerShell\v1.0\Modules\;C:\Program Files\Microsoft Monitoring Agent\Agent\PowerShell\
  - PUBLIC=C:\Users\Public
  - PYSPARK_DRIVER_PYTHON=jupyter
  - PYSPARK_DRIVER_PYTHON_OPTS=notebook
  - Path=C:\ProgramData\Miniconda3;C:\ProgramData\Miniconda3\Library\mingw-w64\bin;C:\ProgramData\Miniconda3\Library\usr\bin;C:\ProgramData\Miniconda3\Library\bin;C:\ProgramData\Miniconda3\Scripts;C:\Program Files (x86)\Common Files\Oracle\Java\javapath;C:\WINDOWS\system32;C:\WINDOWS;C:\WINDOWS\System32\Wbem;C:\WINDOWS\System32\WindowsPowerShell\v1.0\;C:\Program Files\TortoiseSVN\bin;C:\Program Files (x86)\Skype\Phone\;C:\WINDOWS\System32\OpenSSH\;C:\Program Files\nodejs\;C:\Program Files (x86)\scala\bin;C:\Users\sivakumar.k\AppData\Local\Continuum\miniconda3;C:\Users\sivakumar.k\AppData\Local\Continuum\miniconda3\Library\mingw-w64\bin;C:\Users\sivakumar.k\AppData\Local\Continuum\miniconda3\Library\usr\bin;C:\Users\sivakumar.k\AppData\Local\Continuum\miniconda3\Library\bin;C:\Users\sivakumar.k\AppData\Local\Continuum\miniconda3\Scripts;C:\Users\sivakumar.k\AppData\Local\Microsoft\WindowsApps;C:\Program Files (x86)\scala\bin;C:\Program Files\Java\jdk1.8.0_171\bin;C:\opt\spark\spark-2.3.1-bin-hadoop2.7\bin;D:\programs\sonar-scanner-3.2.0.1227-windows\bin;D:\programs\sbt-1.2.3\sbt\bin;D:\programs\pmd-bin-6.7.0\bin;
  - ProgramData=C:\ProgramData
  - ProgramFiles=C:\Program Files
  - ProgramFiles(x86)=C:\Program Files (x86)
  - ProgramW6432=C:\Program Files
  - SBT_OPTS=-Xmx2G -XX:+UseConcMarkSweepGC -XX:+CMSClassUnloadingEnabled -XX:MaxPermSize=2G -Xss2M  -Duser.timezone=GMT
  - SCALA_HOME=C:\Program Files (x86)\scala
  - SESSIONNAME=Console
  - SONAR_SCANNER_HOME=D:\programs\sonar-scanner-3.2.0.1227-windows\bin\..
  - SPARK_HOME=C:\opt\spark\spark-2.3.1-bin-hadoop2.7
  - SPARK_SUBMIT_OPTIONS=--driver-java-options -Xmx4g
  - SystemDrive=C:
  - SystemRoot=C:\WINDOWS
  - TEMP=C:\Users\SIVAKU~1.K\AppData\Local\Temp
  - TMP=C:\Users\SIVAKU~1.K\AppData\Local\Temp
  - UATDATA=C:\Windows\CCM\UATData\D9F8C395-CAB8-491d-B8AC-179A1FE1BE77
  - USERDNSDOMAIN=GAVSTECH.COM
  - USERDOMAIN=GAVSTECH
  - USERDOMAIN_ROAMINGPROFILE=GAVSTECH
  - USERNAME=sivakumar.k
  - USERPROFILE=C:\Users\sivakumar.k
  - ZEPPELIN_INT_MEM=-Xmx4g
  - ZEPPELIN_JAVA_OPTS=-Dhdp.version=2.3.0.0-2557 -Dspark.executor.memory=4g
  - scriptdir=D:\programs\sonar-scanner-3.2.0.1227-windows\bin
  - use_embedded_jre=true
  - windir=C:\WINDOWS
System properties:
  - awt.toolkit=sun.awt.windows.WToolkit
  - file.encoding=Cp1252
  - file.encoding.pkg=sun.io
  - file.separator=\
  - java.awt.graphicsenv=sun.awt.Win32GraphicsEnvironment
  - java.awt.headless=true
  - java.awt.printerjob=sun.awt.windows.WPrinterJob
  - java.class.path=D:\programs\sonar-scanner-3.2.0.1227-windows\bin\..\lib\sonar-scanner-cli-3.2.0.1227.jar
  - java.class.version=52.0
  - java.endorsed.dirs=D:\programs\sonar-scanner-3.2.0.1227-windows\jre\lib\endorsed
  - java.ext.dirs=D:\programs\sonar-scanner-3.2.0.1227-windows\jre\lib\ext;C:\WINDOWS\Sun\Java\lib\ext
  - java.home=D:\programs\sonar-scanner-3.2.0.1227-windows\jre
  - java.io.tmpdir=C:\Users\SIVAKU~1.K\AppData\Local\Temp\
  - java.library.path=D:\programs\sonar-scanner-3.2.0.1227-windows\jre\bin;C:\WINDOWS\Sun\Java\bin;C:\WINDOWS\system32;C:\WINDOWS;C:\ProgramData\Miniconda3;C:\ProgramData\Miniconda3\Library\mingw-w64\bin;C:\ProgramData\Miniconda3\Library\usr\bin;C:\ProgramData\Miniconda3\Library\bin;C:\ProgramData\Miniconda3\Scripts;C:\Program Files (x86)\Common Files\Oracle\Java\javapath;C:\WINDOWS\system32;C:\WINDOWS;C:\WINDOWS\System32\Wbem;C:\WINDOWS\System32\WindowsPowerShell\v1.0\;C:\Program Files\TortoiseSVN\bin;C:\Program Files (x86)\Skype\Phone\;C:\WINDOWS\System32\OpenSSH\;C:\Program Files\nodejs\;C:\Program Files (x86)\scala\bin;C:\Users\sivakumar.k\AppData\Local\Continuum\miniconda3;C:\Users\sivakumar.k\AppData\Local\Continuum\miniconda3\Library\mingw-w64\bin;C:\Users\sivakumar.k\AppData\Local\Continuum\miniconda3\Library\usr\bin;C:\Users\sivakumar.k\AppData\Local\Continuum\miniconda3\Library\bin;C:\Users\sivakumar.k\AppData\Local\Continuum\miniconda3\Scripts;C:\Users\sivakumar.k\AppData\Local\Microsoft\WindowsApps;C:\Program Files (x86)\scala\bin;C:\Program Files\Java\jdk1.8.0_171\bin;C:\opt\spark\spark-2.3.1-bin-hadoop2.7\bin;D:\programs\sonar-scanner-3.2.0.1227-windows\bin;D:\programs\sbt-1.2.3\sbt\bin;D:\programs\pmd-bin-6.7.0\bin;;.
  - java.runtime.name=Java(TM) SE Runtime Environment
  - java.runtime.version=1.8.0_121-b13
  - java.specification.name=Java Platform API Specification
  - java.specification.vendor=Oracle Corporation
  - java.specification.version=1.8
  - java.vendor=Oracle Corporation
  - java.vendor.url=http://java.oracle.com/
  - java.vendor.url.bug=http://bugreport.sun.com/bugreport/
  - java.version=1.8.0_121
  - java.vm.info=mixed mode
  - java.vm.name=Java HotSpot(TM) 64-Bit Server VM
  - java.vm.specification.name=Java Virtual Machine Specification
  - java.vm.specification.vendor=Oracle Corporation
  - java.vm.specification.version=1.8
  - java.vm.vendor=Oracle Corporation
  - java.vm.version=25.121-b13
  - line.separator=

  - os.arch=amd64
  - os.name=Windows 10
  - os.version=10.0
  - path.separator=;
  - project.home=D:\learning\testcoverage
  - scanner.home=D:\programs\sonar-scanner-3.2.0.1227-windows\bin\..
  - sun.arch.data.model=64
  - sun.boot.class.path=D:\programs\sonar-scanner-3.2.0.1227-windows\jre\lib\resources.jar;D:\programs\sonar-scanner-3.2.0.1227-windows\jre\lib\rt.jar;D:\programs\sonar-scanner-3.2.0.1227-windows\jre\lib\sunrsasign.jar;D:\programs\sonar-scanner-3.2.0.1227-windows\jre\lib\jsse.jar;D:\programs\sonar-scanner-3.2.0.1227-windows\jre\lib\jce.jar;D:\programs\sonar-scanner-3.2.0.1227-windows\jre\lib\charsets.jar;D:\programs\sonar-scanner-3.2.0.1227-windows\jre\lib\jfr.jar;D:\programs\sonar-scanner-3.2.0.1227-windows\jre\classes
  - sun.boot.library.path=D:\programs\sonar-scanner-3.2.0.1227-windows\jre\bin
  - sun.cpu.endian=little
  - sun.cpu.isalist=amd64
  - sun.desktop=windows
  - sun.io.unicode.encoding=UnicodeLittle
  - sun.java.command=org.sonarsource.scanner.cli.Main -X
  - sun.java.launcher=SUN_STANDARD
  - sun.jnu.encoding=Cp1252
  - sun.management.compiler=HotSpot 64-Bit Tiered Compilers
  - sun.os.patch.level=
  - sun.stderr.encoding=cp437
  - sun.stdout.encoding=cp437
  - user.country=US
  - user.dir=D:\learning\testcoverage
  - user.home=C:\Users\sivakumar.k
  - user.language=en
  - user.name=sivakumar.k
  - user.script=
  - user.timezone=Asia/Calcutta
  - user.variant=
SonarQube plugins:
  - TypeScript 1.1.0 (typescript)
  - Scala 6.5.1 (scala)
  - Scoverage 5.1.3 (scoverage)
Global properties:
  - sonar.core.id=AWWPfQiP4bh7Wgu6CPvM
  - sonar.core.startTime=2018-09-20T05:34:09+0000
Settings for module: test-coverage
  - sonar.analysis.mode=publish
  - sonar.core.codeCoveragePlugin=scoverage
  - sonar.cpd.cross_project=true
  - sonar.host.url=http://172.19.2.9:6090
  - sonar.language=scala
  - sonar.login=******
  - sonar.password=******
  - sonar.projectBaseDir=D:\learning\testcoverage
  - sonar.projectKey=test-coverage
  - sonar.projectName=test-coverage
  - sonar.scala.cpd.reportPath=target/scala-2.11/cpd/cpd.xml
  - sonar.scala.scapegoat.reportPath=target/scala-2.11/scapegoat-report/scapegoat.xml
  - sonar.scala.scoverage.reportPath=target/scala-2.11/scoverage-report/scoverage.xml
  - sonar.scala.sources=src/main/scala
  - sonar.scala.tests=src/test/scala
  - sonar.scala.version=2.11
  - sonar.scanner.app=ScannerCli
  - sonar.scanner.appVersion=3.2.0.1227
  - sonar.scm.disabled=true
  - sonar.sourceEncoding=UTF-8
  - sonar.sources=src/main/scala
  - sonar.verbose=true
  - sonar.working.directory=D:\learning\testcoverage\.scannerwork
